<?xml version='1.0' encoding='UTF-8'?>
<testsuite hostname="WIN-ORQMP90N8JU" name="streams.BloxorzSuite" tests="6" errors="0" failures="0" time="0.255">
                     <properties>
[...]
</properties>
                     <testcase classname="streams.BloxorzSuite" name="terrain function level 1" time="0.096">
                                                 
                                               </testcase><testcase classname="streams.BloxorzSuite" name="findChar level 1" time="0.056">
                                                 
                                               </testcase><testcase classname="streams.BloxorzSuite" name="optimal solution for level 1" time="0.083">
                                                 
                                               </testcase><testcase classname="streams.BloxorzSuite" name="optimal solution length for level 1" time="0.016">
                                                 
                                               </testcase><testcase classname="streams.BloxorzSuite" name="neighborsWithHistory for level1" time="0.002">
                                                 
                                               </testcase><testcase classname="streams.BloxorzSuite" name="newNeighborsOnly for level1" time="0.002">
                                                 
                                               </testcase>
                     <system-out></system-out>
                     <system-err></system-err>
                   </testsuite>